c:\users\eriveltondell\documents\western michigan university\cs3310 - data & file structure\c# examples\countries\countries\debug\setup.pch
c:\users\eriveltondell\documents\western michigan university\cs3310 - data & file structure\c# examples\countries\countries\debug\vc120.pdb
c:\users\eriveltondell\documents\western michigan university\cs3310 - data & file structure\c# examples\countries\countries\debug\stdafx.obj
c:\users\eriveltondell\documents\western michigan university\cs3310 - data & file structure\c# examples\countries\countries\debug\setup.obj
c:\users\eriveltondell\documents\western michigan university\cs3310 - data & file structure\c# examples\countries\countries\debug\rawdata.obj
c:\users\eriveltondell\documents\western michigan university\cs3310 - data & file structure\c# examples\countries\countries\debug\output.obj
c:\users\eriveltondell\documents\western michigan university\cs3310 - data & file structure\c# examples\countries\countries\debug\nameindex.obj
c:\users\eriveltondell\documents\western michigan university\cs3310 - data & file structure\c# examples\countries\countries\debug\datatable.obj
c:\users\eriveltondell\documents\western michigan university\cs3310 - data & file structure\c# examples\countries\countries\debug\assemblyinfo.obj
c:\users\eriveltondell\documents\western michigan university\cs3310 - data & file structure\c# examples\countries\countries\debug\.netframework,version=v4.5.assemblyattributes.obj
c:\users\eriveltondell\documents\western michigan university\cs3310 - data & file structure\c# examples\countries\debug\setup.exe
c:\users\eriveltondell\documents\western michigan university\cs3310 - data & file structure\c# examples\countries\debug\setup.pdb
c:\users\eriveltondell\documents\western michigan university\cs3310 - data & file structure\c# examples\countries\countries\debug\app.res
c:\users\eriveltondell\documents\western michigan university\cs3310 - data & file structure\c# examples\countries\countries\debug\setup.tlog\cl.command.1.tlog
c:\users\eriveltondell\documents\western michigan university\cs3310 - data & file structure\c# examples\countries\countries\debug\setup.tlog\cl.read.1.tlog
c:\users\eriveltondell\documents\western michigan university\cs3310 - data & file structure\c# examples\countries\countries\debug\setup.tlog\cl.write.1.tlog
c:\users\eriveltondell\documents\western michigan university\cs3310 - data & file structure\c# examples\countries\countries\debug\setup.tlog\link.command.1.tlog
c:\users\eriveltondell\documents\western michigan university\cs3310 - data & file structure\c# examples\countries\countries\debug\setup.tlog\link.read.1.tlog
c:\users\eriveltondell\documents\western michigan university\cs3310 - data & file structure\c# examples\countries\countries\debug\setup.tlog\link.write.1.tlog
c:\users\eriveltondell\documents\western michigan university\cs3310 - data & file structure\c# examples\countries\countries\debug\setup.tlog\metagen.read.1.tlog
c:\users\eriveltondell\documents\western michigan university\cs3310 - data & file structure\c# examples\countries\countries\debug\setup.tlog\metagen.write.1.tlog
c:\users\eriveltondell\documents\western michigan university\cs3310 - data & file structure\c# examples\countries\countries\debug\setup.tlog\rc.command.1.tlog
c:\users\eriveltondell\documents\western michigan university\cs3310 - data & file structure\c# examples\countries\countries\debug\setup.tlog\rc.read.1.tlog
c:\users\eriveltondell\documents\western michigan university\cs3310 - data & file structure\c# examples\countries\countries\debug\setup.tlog\rc.write.1.tlog
c:\users\eriveltondell\documents\western michigan university\cs3310 - data & file structure\c# examples\countries\countries\debug\setup.tlog\tzres.dll.bi
