c:\users\eriveltondell\documents\western michigan university\cs3310 - data & file structure\c# examples\countries\userapp\debug\vc120.pdb
c:\users\eriveltondell\documents\western michigan university\cs3310 - data & file structure\c# examples\countries\userapp\debug\userapp.obj
c:\users\eriveltondell\documents\western michigan university\cs3310 - data & file structure\c# examples\countries\userapp\debug\ui.obj
c:\users\eriveltondell\documents\western michigan university\cs3310 - data & file structure\c# examples\countries\userapp\debug\assemblyinfo.obj
c:\users\eriveltondell\documents\western michigan university\cs3310 - data & file structure\c# examples\countries\userapp\debug\userapp.pch
c:\users\eriveltondell\documents\western michigan university\cs3310 - data & file structure\c# examples\countries\userapp\debug\stdafx.obj
c:\users\eriveltondell\documents\western michigan university\cs3310 - data & file structure\c# examples\countries\userapp\debug\nameindex-ua.obj
c:\users\eriveltondell\documents\western michigan university\cs3310 - data & file structure\c# examples\countries\userapp\debug\.netframework,version=v4.5.assemblyattributes.obj
c:\users\eriveltondell\documents\western michigan university\cs3310 - data & file structure\c# examples\countries\debug\userapp.exe
c:\users\eriveltondell\documents\western michigan university\cs3310 - data & file structure\c# examples\countries\debug\userapp.pdb
c:\users\eriveltondell\documents\western michigan university\cs3310 - data & file structure\c# examples\countries\userapp\debug\app.res
c:\users\eriveltondell\documents\western michigan university\cs3310 - data & file structure\c# examples\countries\userapp\debug\userapp.vcxprojresolveassemblyreference.cache
c:\users\eriveltondell\documents\western michigan university\cs3310 - data & file structure\c# examples\countries\userapp\debug\userapp.tlog\cl.command.1.tlog
c:\users\eriveltondell\documents\western michigan university\cs3310 - data & file structure\c# examples\countries\userapp\debug\userapp.tlog\cl.read.1.tlog
c:\users\eriveltondell\documents\western michigan university\cs3310 - data & file structure\c# examples\countries\userapp\debug\userapp.tlog\cl.write.1.tlog
c:\users\eriveltondell\documents\western michigan university\cs3310 - data & file structure\c# examples\countries\userapp\debug\userapp.tlog\link.command.1.tlog
c:\users\eriveltondell\documents\western michigan university\cs3310 - data & file structure\c# examples\countries\userapp\debug\userapp.tlog\link.read.1.tlog
c:\users\eriveltondell\documents\western michigan university\cs3310 - data & file structure\c# examples\countries\userapp\debug\userapp.tlog\link.write.1.tlog
c:\users\eriveltondell\documents\western michigan university\cs3310 - data & file structure\c# examples\countries\userapp\debug\userapp.tlog\metagen.read.1.tlog
c:\users\eriveltondell\documents\western michigan university\cs3310 - data & file structure\c# examples\countries\userapp\debug\userapp.tlog\metagen.write.1.tlog
c:\users\eriveltondell\documents\western michigan university\cs3310 - data & file structure\c# examples\countries\userapp\debug\userapp.tlog\rc.command.1.tlog
c:\users\eriveltondell\documents\western michigan university\cs3310 - data & file structure\c# examples\countries\userapp\debug\userapp.tlog\rc.read.1.tlog
c:\users\eriveltondell\documents\western michigan university\cs3310 - data & file structure\c# examples\countries\userapp\debug\userapp.tlog\rc.write.1.tlog
c:\users\eriveltondell\documents\western michigan university\cs3310 - data & file structure\c# examples\countries\userapp\debug\userapp.tlog\tzres.dll.bi
