c:\users\eriveltondell\documents\western michigan university\cs3310 - data & file structure\c# examples\countries\prettyprintutility\debug\prettyprintutility.pch
c:\users\eriveltondell\documents\western michigan university\cs3310 - data & file structure\c# examples\countries\prettyprintutility\debug\vc120.pdb
c:\users\eriveltondell\documents\western michigan university\cs3310 - data & file structure\c# examples\countries\prettyprintutility\debug\stdafx.obj
c:\users\eriveltondell\documents\western michigan university\cs3310 - data & file structure\c# examples\countries\prettyprintutility\debug\prettyprintutility.obj
c:\users\eriveltondell\documents\western michigan university\cs3310 - data & file structure\c# examples\countries\prettyprintutility\debug\assemblyinfo.obj
c:\users\eriveltondell\documents\western michigan university\cs3310 - data & file structure\c# examples\countries\prettyprintutility\debug\.netframework,version=v4.5.assemblyattributes.obj
c:\users\eriveltondell\documents\western michigan university\cs3310 - data & file structure\c# examples\countries\debug\prettyprintutility.exe
c:\users\eriveltondell\documents\western michigan university\cs3310 - data & file structure\c# examples\countries\debug\prettyprintutility.pdb
c:\users\eriveltondell\documents\western michigan university\cs3310 - data & file structure\c# examples\countries\prettyprintutility\debug\app.res
c:\users\eriveltondell\documents\western michigan university\cs3310 - data & file structure\c# examples\countries\prettyprintutility\debug\prettyprintutility.vcxprojresolveassemblyreference.cache
c:\users\eriveltondell\documents\western michigan university\cs3310 - data & file structure\c# examples\countries\prettyprintutility\debug\prettypr.7c273988.tlog\cl.command.1.tlog
c:\users\eriveltondell\documents\western michigan university\cs3310 - data & file structure\c# examples\countries\prettyprintutility\debug\prettypr.7c273988.tlog\cl.read.1.tlog
c:\users\eriveltondell\documents\western michigan university\cs3310 - data & file structure\c# examples\countries\prettyprintutility\debug\prettypr.7c273988.tlog\cl.write.1.tlog
c:\users\eriveltondell\documents\western michigan university\cs3310 - data & file structure\c# examples\countries\prettyprintutility\debug\prettypr.7c273988.tlog\link.command.1.tlog
c:\users\eriveltondell\documents\western michigan university\cs3310 - data & file structure\c# examples\countries\prettyprintutility\debug\prettypr.7c273988.tlog\link.read.1.tlog
c:\users\eriveltondell\documents\western michigan university\cs3310 - data & file structure\c# examples\countries\prettyprintutility\debug\prettypr.7c273988.tlog\link.write.1.tlog
c:\users\eriveltondell\documents\western michigan university\cs3310 - data & file structure\c# examples\countries\prettyprintutility\debug\prettypr.7c273988.tlog\metagen.read.1.tlog
c:\users\eriveltondell\documents\western michigan university\cs3310 - data & file structure\c# examples\countries\prettyprintutility\debug\prettypr.7c273988.tlog\metagen.write.1.tlog
c:\users\eriveltondell\documents\western michigan university\cs3310 - data & file structure\c# examples\countries\prettyprintutility\debug\prettypr.7c273988.tlog\rc.command.1.tlog
c:\users\eriveltondell\documents\western michigan university\cs3310 - data & file structure\c# examples\countries\prettyprintutility\debug\prettypr.7c273988.tlog\rc.read.1.tlog
c:\users\eriveltondell\documents\western michigan university\cs3310 - data & file structure\c# examples\countries\prettyprintutility\debug\prettypr.7c273988.tlog\rc.write.1.tlog
c:\users\eriveltondell\documents\western michigan university\cs3310 - data & file structure\c# examples\countries\prettyprintutility\debug\prettypr.7c273988.tlog\tzres.dll.bi
