c:\users\eriveltondell\documents\western michigan university\cs3310 - data & file structure\crowdorganizer-a4\crowdorganizer-a4\debug\crowdorganizer-a4.pch
c:\users\eriveltondell\documents\western michigan university\cs3310 - data & file structure\crowdorganizer-a4\crowdorganizer-a4\debug\vc120.pdb
c:\users\eriveltondell\documents\western michigan university\cs3310 - data & file structure\crowdorganizer-a4\crowdorganizer-a4\debug\stdafx.obj
c:\users\eriveltondell\documents\western michigan university\cs3310 - data & file structure\crowdorganizer-a4\crowdorganizer-a4\debug\openstore.obj
c:\users\eriveltondell\documents\western michigan university\cs3310 - data & file structure\crowdorganizer-a4\crowdorganizer-a4\debug\crowdorganizer-a4.obj
c:\users\eriveltondell\documents\western michigan university\cs3310 - data & file structure\crowdorganizer-a4\crowdorganizer-a4\debug\assemblyinfo.obj
c:\users\eriveltondell\documents\western michigan university\cs3310 - data & file structure\crowdorganizer-a4\crowdorganizer-a4\debug\.netframework,version=v4.5.assemblyattributes.obj
c:\users\eriveltondell\documents\western michigan university\cs3310 - data & file structure\crowdorganizer-a4\crowdorganizer-a4\debug\serveacustomer.obj
c:\users\eriveltondell\documents\western michigan university\cs3310 - data & file structure\crowdorganizer-a4\crowdorganizer-a4\debug\newcustomer.obj
c:\users\eriveltondell\documents\western michigan university\cs3310 - data & file structure\crowdorganizer-a4\crowdorganizer-a4\debug\customerprq.obj
c:\users\eriveltondell\documents\western michigan university\cs3310 - data & file structure\crowdorganizer-a4\crowdorganizer-a4\debug\app.res
c:\users\eriveltondell\documents\western michigan university\cs3310 - data & file structure\crowdorganizer-a4\crowdorganizer-a4\debug\crowdorganizer-a4.vcxprojresolveassemblyreference.cache
c:\users\eriveltondell\documents\western michigan university\cs3310 - data & file structure\crowdorganizer-a4\crowdorganizer-a4\debug\closestore.obj
c:\users\eriveltondell\documents\western michigan university\cs3310 - data & file structure\crowdorganizer-a4\debug\crowdorganizer-a4.pdb
c:\users\eriveltondell\documents\western michigan university\cs3310 - data & file structure\crowdorganizer-a4\debug\crowdorganizer-a4.exe
c:\users\eriveltondell\documents\western michigan university\cs3310 - data & file structure\crowdorganizer-a4\crowdorganizer-a4\debug\crowdorg.bafb53bc.tlog\cl.command.1.tlog
c:\users\eriveltondell\documents\western michigan university\cs3310 - data & file structure\crowdorganizer-a4\crowdorganizer-a4\debug\crowdorg.bafb53bc.tlog\cl.read.1.tlog
c:\users\eriveltondell\documents\western michigan university\cs3310 - data & file structure\crowdorganizer-a4\crowdorganizer-a4\debug\crowdorg.bafb53bc.tlog\cl.write.1.tlog
c:\users\eriveltondell\documents\western michigan university\cs3310 - data & file structure\crowdorganizer-a4\crowdorganizer-a4\debug\crowdorg.bafb53bc.tlog\link.command.1.tlog
c:\users\eriveltondell\documents\western michigan university\cs3310 - data & file structure\crowdorganizer-a4\crowdorganizer-a4\debug\crowdorg.bafb53bc.tlog\link.read.1.tlog
c:\users\eriveltondell\documents\western michigan university\cs3310 - data & file structure\crowdorganizer-a4\crowdorganizer-a4\debug\crowdorg.bafb53bc.tlog\link.write.1.tlog
c:\users\eriveltondell\documents\western michigan university\cs3310 - data & file structure\crowdorganizer-a4\crowdorganizer-a4\debug\crowdorg.bafb53bc.tlog\metagen.read.1.tlog
c:\users\eriveltondell\documents\western michigan university\cs3310 - data & file structure\crowdorganizer-a4\crowdorganizer-a4\debug\crowdorg.bafb53bc.tlog\metagen.write.1.tlog
c:\users\eriveltondell\documents\western michigan university\cs3310 - data & file structure\crowdorganizer-a4\crowdorganizer-a4\debug\crowdorg.bafb53bc.tlog\rc.command.1.tlog
c:\users\eriveltondell\documents\western michigan university\cs3310 - data & file structure\crowdorganizer-a4\crowdorganizer-a4\debug\crowdorg.bafb53bc.tlog\rc.read.1.tlog
c:\users\eriveltondell\documents\western michigan university\cs3310 - data & file structure\crowdorganizer-a4\crowdorganizer-a4\debug\crowdorg.bafb53bc.tlog\rc.write.1.tlog
c:\users\eriveltondell\documents\western michigan university\cs3310 - data & file structure\crowdorganizer-a4\crowdorganizer-a4\debug\crowdorg.bafb53bc.tlog\tzres.dll.bi
